2021-11-17 12:27:14,476  INFO [main] BigSmall:58 - Browser has been luanched
2021-11-17 12:27:19,905  INFO [main] BigSmall:63 - url hited
2021-11-17 12:27:22,512  INFO [main] BigSmall:85 - clicked on sign button
2021-11-17 12:27:23,022  INFO [main] BigSmall:91 -  entered
2021-11-17 12:27:23,279  INFO [main] BigSmall:94 -  entered
2021-11-17 12:27:27,376  INFO [main] BigSmall:96 - clicked on summit button
2021-11-17 12:27:29,838  INFO [main] BigSmall:85 - clicked on sign button
2021-11-17 12:27:30,586  INFO [main] BigSmall:91 - defenceaspirants87@gmail.com entered
2021-11-17 12:27:30,799  INFO [main] BigSmall:94 - gguytuy entered
2021-11-17 12:27:30,978  INFO [main] BigSmall:96 - clicked on summit button
2021-11-17 12:27:32,985  INFO [main] BigSmall:85 - clicked on sign button
2021-11-17 12:27:33,787  INFO [main] BigSmall:91 - rathorb87@gmail.com entered
2021-11-17 12:27:34,040  INFO [main] BigSmall:94 - Bigsmall@123 entered
2021-11-17 12:27:34,215  INFO [main] BigSmall:96 - clicked on summit button
2021-11-17 12:27:42,615  INFO [main] BigSmall:115 - clicked on Persionaized Gift Menu
2021-11-17 12:28:03,970  INFO [main] BigSmall:127 - persionalized gift menu's item selected
2021-11-17 12:28:14,403  INFO [main] BigSmall:145 - product name has been sent to search box
2021-11-17 12:28:14,756  INFO [main] BigSmall:149 - list appeared of searched product
2021-11-17 12:28:19,557  INFO [main] BigSmall:162 - clicked on christmas menu
2021-11-17 12:28:25,849  INFO [main] BigSmall:168 - christmas gift added in cart
2021-11-17 12:28:31,504  INFO [main] BigSmall:178 - pop up appeared
2021-11-17 12:28:43,868  INFO [main] BigSmall:188 - christmas gift menu's item available in shopping cart
2021-11-17 12:28:48,159  INFO [main] BigSmall:200 - clicked on shop By catagory menu
2021-11-17 12:28:56,510  INFO [main] BigSmall:209 - clicked on add to wish
2021-11-17 12:29:01,596  INFO [main] BigSmall:214 - item has been added in wish list
