2021-11-19 22:11:38,711  INFO [main] BigSmall:58 - Browser has been luanched
2021-11-19 22:12:28,392  INFO [main] BigSmall:63 - url hited
2021-11-19 22:12:55,682  INFO [main] BigSmall:85 - clicked on sign button
2021-11-19 22:12:56,267  INFO [main] BigSmall:91 -  entered
2021-11-19 22:12:57,900  INFO [main] BigSmall:94 -  entered
2021-11-19 22:13:35,899  INFO [main] BigSmall:96 - clicked on summit button
2021-11-19 22:14:06,987  INFO [main] BigSmall:85 - clicked on sign button
2021-11-19 22:14:08,271  INFO [main] BigSmall:91 - defenceaspirants87@gmail.com entered
2021-11-19 22:14:08,499  INFO [main] BigSmall:94 - gguytuy entered
2021-11-19 22:14:36,297  INFO [main] BigSmall:96 - clicked on summit button
2021-11-19 22:15:01,800  INFO [main] BigSmall:85 - clicked on sign button
2021-11-19 22:15:02,591  INFO [main] BigSmall:91 - vrushualate1008@gmail.com entered
2021-11-19 22:15:03,139  INFO [main] BigSmall:94 - Vrush@123 entered
2021-11-19 22:15:11,707  INFO [main] BigSmall:96 - clicked on summit button
2021-11-19 22:15:30,109  INFO [main] BigSmall:115 - clicked on Persionaized Gift Menu
2021-11-19 22:16:50,660  INFO [main] BigSmall:127 - persionalized gift menu's item selected
2021-11-19 22:17:30,515  INFO [main] BigSmall:145 - product name has been sent to search box
2021-11-19 22:17:52,516  INFO [main] BigSmall:162 - clicked on christmas menu
2021-11-19 22:18:14,378  INFO [main] BigSmall:168 - christmas gift added in cart
2021-11-19 22:18:23,198  INFO [main] BigSmall:180 - pop up appeared
2021-11-19 22:18:47,831  INFO [main] BigSmall:190 - christmas gift menu's item available in shopping cart
2021-11-19 22:19:01,834  INFO [main] BigSmall:202 - clicked on shop By catagory menu
2021-11-19 22:19:18,108  INFO [main] BigSmall:211 - clicked on add to wish
2021-11-19 22:19:23,165  INFO [main] BigSmall:216 - item has been added in wish list
2021-11-19 22:19:26,789  INFO [main] BigSmall:229 - clicked on shop By all of it menu
2021-11-19 22:19:41,824  INFO [main] BigSmall:233 - Title under All ot It is verified
2021-11-19 22:19:53,477  INFO [main] BigSmall:243 - clicked on wishlist menu
2021-11-19 22:19:59,857  INFO [main] BigSmall:253 - products are available in wish list
2021-11-19 22:20:07,417  INFO [main] BigSmall:265 - clicked on gift card button
2021-11-19 22:20:07,674  INFO [main] BigSmall:269 - gift card feature is working
2021-11-19 22:20:14,658  INFO [main] BigSmall:281 - clicked on about us menu
2021-11-19 22:20:14,940  INFO [main] BigSmall:285 - getting all info about website
2021-11-19 22:20:18,846  INFO [main] BigSmall:298 - clicked on contact us
2021-11-19 22:20:19,820  INFO [main] BigSmall:303 - all info added
2021-11-19 22:20:19,866  INFO [main] BigSmall:309 - thank you for contacting us
