2021-11-19 22:24:48,126  INFO [main] BigSmall:58 - Browser has been luanched
2021-11-19 22:25:11,149  INFO [main] BigSmall:63 - url hited
2021-11-19 22:25:27,436  INFO [main] BigSmall:85 - clicked on sign button
2021-11-19 22:25:27,878  INFO [main] BigSmall:91 -  entered
2021-11-19 22:25:28,083  INFO [main] BigSmall:94 -  entered
2021-11-19 22:25:41,080  INFO [main] BigSmall:96 - clicked on summit button
2021-11-19 22:25:48,385  INFO [main] BigSmall:85 - clicked on sign button
2021-11-19 22:25:49,152  INFO [main] BigSmall:91 - defenceaspirants87@gmail.com entered
2021-11-19 22:25:49,554  INFO [main] BigSmall:94 - gguytuy entered
2021-11-19 22:26:01,860  INFO [main] BigSmall:96 - clicked on summit button
2021-11-19 22:26:07,966  INFO [main] BigSmall:85 - clicked on sign button
2021-11-19 22:26:08,647  INFO [main] BigSmall:91 - vrushualate1008@gmail.com entered
2021-11-19 22:26:08,858  INFO [main] BigSmall:94 - Vrush@123 entered
2021-11-19 22:26:27,916  INFO [main] BigSmall:96 - clicked on summit button
2021-11-19 22:27:01,289  INFO [main] BigSmall:115 - clicked on Persionaized Gift Menu
2021-11-19 22:27:57,679  INFO [main] BigSmall:127 - persionalized gift menu's item selected
2021-11-19 22:28:07,166  INFO [main] BigSmall:142 - diary
2021-11-19 22:28:20,606  INFO [main] BigSmall:145 - product name has been sent to search box
2021-11-19 22:28:21,581  INFO [main] BigSmall:149 - list appeared of searched product
2021-11-19 22:28:47,662  INFO [main] BigSmall:162 - clicked on christmas menu
2021-11-19 22:29:27,819  INFO [main] BigSmall:168 - christmas gift added in cart
