2021-11-17 23:37:28,741  INFO [main] BigSmall:58 - Browser has been luanched
2021-11-17 23:37:34,223  INFO [main] BigSmall:63 - url hited
2021-11-17 23:37:38,411  INFO [main] BigSmall:85 - clicked on sign button
2021-11-17 23:37:38,729  INFO [main] BigSmall:91 -  entered
2021-11-17 23:37:38,914  INFO [main] BigSmall:94 -  entered
2021-11-17 23:37:42,491  INFO [main] BigSmall:96 - clicked on summit button
2021-11-17 23:37:45,001  INFO [main] BigSmall:85 - clicked on sign button
2021-11-17 23:37:45,665  INFO [main] BigSmall:91 - defenceaspirants87@gmail.com entered
2021-11-17 23:37:45,870  INFO [main] BigSmall:94 - gguytuy entered
2021-11-17 23:37:46,062  INFO [main] BigSmall:96 - clicked on summit button
2021-11-17 23:37:48,965  INFO [main] BigSmall:85 - clicked on sign button
2021-11-17 23:37:49,518  INFO [main] BigSmall:91 - rathorb87@gmail.com entered
2021-11-17 23:37:50,022  INFO [main] BigSmall:94 - Bigsmall@123 entered
2021-11-17 23:37:50,226  INFO [main] BigSmall:96 - clicked on summit button
2021-11-17 23:38:02,469  INFO [main] BigSmall:115 - clicked on Persionaized Gift Menu
2021-11-17 23:38:21,978  INFO [main] BigSmall:145 - product name has been sent to search box
2021-11-17 23:38:22,139  INFO [main] BigSmall:149 - list appeared of searched product
2021-11-17 23:38:26,597  INFO [main] BigSmall:162 - clicked on christmas menu
2021-11-17 23:38:33,723  INFO [main] BigSmall:168 - christmas gift added in cart
2021-11-17 23:38:39,584  INFO [main] BigSmall:180 - pop up appeared
2021-11-17 23:38:52,307  INFO [main] BigSmall:190 - christmas gift menu's item available in shopping cart
2021-11-17 23:38:56,289  INFO [main] BigSmall:202 - clicked on shop By catagory menu
2021-11-17 23:39:04,802  INFO [main] BigSmall:211 - clicked on add to wish
2021-11-17 23:39:14,005  INFO [main] BigSmall:229 - clicked on shop By all of it menu
2021-11-17 23:39:17,338  INFO [main] BigSmall:233 - Title under All ot It is verified
2021-11-17 23:39:24,844  INFO [main] BigSmall:243 - clicked on wishlist menu
2021-11-17 23:39:31,270  INFO [main] BigSmall:253 - products are available in wish list
2021-11-17 23:39:34,505  INFO [main] BigSmall:265 - clicked on gift card button
2021-11-17 23:39:34,713  INFO [main] BigSmall:269 - gift card feature is working
2021-11-17 23:39:38,106  INFO [main] BigSmall:281 - clicked on about us menu
2021-11-17 23:39:38,320  INFO [main] BigSmall:285 - getting all info about website
2021-11-17 23:39:40,884  INFO [main] BigSmall:298 - clicked on contact us
2021-11-17 23:39:41,902  INFO [main] BigSmall:303 - all info added
2021-11-17 23:39:41,964  INFO [main] BigSmall:309 - thank you for contacting us
