2021-11-22 17:01:17,092  INFO [main] BigSmall:56 - browser is going to launch
2021-11-22 17:01:35,190  INFO [main] BigSmall:58 - Browser has been luanched
2021-11-22 17:02:11,815  INFO [main] BigSmall:63 - url hited
2021-11-22 17:02:34,804  INFO [main] BigSmall:85 - clicked on sign button
2021-11-22 17:02:36,555  INFO [main] BigSmall:91 -  entered
2021-11-22 17:02:36,771  INFO [main] BigSmall:94 -  entered
2021-11-22 17:02:52,153  INFO [main] BigSmall:96 - clicked on summit button
2021-11-22 17:03:02,330  INFO [main] BigSmall:85 - clicked on sign button
2021-11-22 17:03:03,162  INFO [main] BigSmall:91 - defenceaspirants87@gmail.com entered
2021-11-22 17:03:03,374  INFO [main] BigSmall:94 - gguytuy entered
2021-11-22 17:03:16,993  INFO [main] BigSmall:96 - clicked on summit button
2021-11-22 17:03:23,181  INFO [main] BigSmall:85 - clicked on sign button
2021-11-22 17:03:24,500  INFO [main] BigSmall:91 - vrushualate1008@gmail.com entered
2021-11-22 17:03:24,758  INFO [main] BigSmall:94 - Vrush@123 entered
2021-11-22 17:03:38,123  INFO [main] BigSmall:96 - clicked on summit button
2021-11-22 17:03:54,438  INFO [main] BigSmall:115 - clicked on Persionaized Gift Menu
2021-11-22 17:04:41,813  INFO [main] BigSmall:127 - persionalized gift menu's item selected
2021-11-22 17:04:49,303  INFO [main] BigSmall:142 - diary
2021-11-22 17:05:00,658  INFO [main] BigSmall:145 - product name has been sent to search box
2021-11-22 17:05:14,367  INFO [main] BigSmall:162 - clicked on christmas menu
2021-11-22 17:05:39,965  INFO [main] BigSmall:168 - christmas gift added in cart
2021-11-22 17:05:55,452  INFO [main] BigSmall:180 - pop up appeared
2021-11-22 17:06:09,039  INFO [main] BigSmall:190 - christmas gift menu's item available in shopping cart
2021-11-22 17:06:17,214  INFO [main] BigSmall:202 - clicked on shop By catagory menu
2021-11-22 17:06:43,912  INFO [main] BigSmall:211 - clicked on add to wish
2021-11-22 17:07:00,193  INFO [main] BigSmall:229 - clicked on shop By all of it menu
2021-11-22 17:07:14,800  INFO [main] BigSmall:233 - Title under All ot It is verified
2021-11-22 17:07:26,651  INFO [main] BigSmall:243 - clicked on wishlist menu
2021-11-22 17:07:33,022  INFO [main] BigSmall:253 - products are available in wish list
2021-11-22 17:07:41,086  INFO [main] BigSmall:265 - clicked on gift card button
2021-11-22 17:07:41,437  INFO [main] BigSmall:269 - gift card feature is working
2021-11-22 17:07:48,919  INFO [main] BigSmall:281 - clicked on about us menu
2021-11-22 17:07:49,136  INFO [main] BigSmall:285 - getting all info about website
2021-11-22 17:07:56,390  INFO [main] BigSmall:298 - clicked on contact us
2021-11-22 17:07:57,284  INFO [main] BigSmall:303 - all info added
2021-11-22 17:07:57,328  INFO [main] BigSmall:309 - thank you for contacting us
