2021-11-19 21:45:59,276  INFO [main] BigSmall:58 - Browser has been luanched
2021-11-19 21:46:21,809  INFO [main] BigSmall:63 - url hited
2021-11-19 21:46:38,002  INFO [main] BigSmall:85 - clicked on sign button
2021-11-19 21:46:38,411  INFO [main] BigSmall:91 -  entered
2021-11-19 21:46:38,599  INFO [main] BigSmall:94 -  entered
2021-11-19 21:46:45,704  INFO [main] BigSmall:96 - clicked on summit button
2021-11-19 21:46:54,160  INFO [main] BigSmall:85 - clicked on sign button
2021-11-19 21:46:54,940  INFO [main] BigSmall:91 - defenceaspirants87@gmail.com entered
2021-11-19 21:46:55,123  INFO [main] BigSmall:94 - gguytuy entered
2021-11-19 21:47:02,140  INFO [main] BigSmall:96 - clicked on summit button
2021-11-19 21:47:11,813  INFO [main] BigSmall:85 - clicked on sign button
2021-11-19 21:47:12,561  INFO [main] BigSmall:91 - vrushualate1008@gmail.com entered
2021-11-19 21:47:12,802  INFO [main] BigSmall:94 - Vrush@123 entered
2021-11-19 21:47:25,225  INFO [main] BigSmall:96 - clicked on summit button
2021-11-19 21:47:43,279  INFO [main] BigSmall:115 - clicked on Persionaized Gift Menu
2021-11-19 21:48:25,487  INFO [main] BigSmall:127 - persionalized gift menu's item selected
2021-11-19 21:48:42,357  INFO [main] BigSmall:145 - product name has been sent to search box
2021-11-19 21:48:42,694  INFO [main] BigSmall:149 - list appeared of searched product
2021-11-19 21:48:54,456  INFO [main] BigSmall:162 - clicked on christmas menu
2021-11-19 21:49:06,310  INFO [main] BigSmall:168 - christmas gift added in cart
