2021-11-17 02:57:13,042  INFO [main] BigSmall:59 - Browser has been luanched
2021-11-17 02:57:19,054  INFO [main] BigSmall:64 - url hited
2021-11-17 02:57:21,794  INFO [main] BigSmall:86 - clicked on sign button
2021-11-17 02:57:22,013  INFO [main] BigSmall:92 -  entered
2021-11-17 02:57:22,266  INFO [main] BigSmall:95 -  entered
2021-11-17 02:57:27,320  INFO [main] BigSmall:97 - clicked on summit button
2021-11-17 02:57:29,854  INFO [main] BigSmall:86 - clicked on sign button
2021-11-17 02:57:30,417  INFO [main] BigSmall:92 - defenceaspirants87@gmail.com entered
2021-11-17 02:57:30,655  INFO [main] BigSmall:95 - gguytuy entered
2021-11-17 02:57:30,836  INFO [main] BigSmall:97 - clicked on summit button
2021-11-17 02:57:32,717  INFO [main] BigSmall:86 - clicked on sign button
2021-11-17 02:57:33,339  INFO [main] BigSmall:92 - rathorb87@gmail.com entered
2021-11-17 02:57:33,571  INFO [main] BigSmall:95 - Bigsmall@123 entered
2021-11-17 02:57:33,760  INFO [main] BigSmall:97 - clicked on summit button
2021-11-17 02:57:42,989  INFO [main] BigSmall:117 - clicked on Persionaized Gift Menu
2021-11-17 02:58:06,771  INFO [main] BigSmall:129 - persionalized gift menu's item selected
2021-11-17 02:58:15,988  INFO [main] BigSmall:148 - product name has been sent to search box
2021-11-17 02:58:16,139  INFO [main] BigSmall:153 - list appeared of searched product
2021-11-17 02:58:19,756  INFO [main] BigSmall:168 - clicked on christmas menu
2021-11-17 02:58:24,298  INFO [main] BigSmall:174 - christmas gift added in cart
2021-11-17 02:58:34,937  INFO [main] BigSmall:247 - clicked on wishlist menu
