2021-11-17 02:54:55,890  INFO [main] BigSmall:59 - Browser has been luanched
2021-11-17 02:55:02,749  INFO [main] BigSmall:64 - url hited
2021-11-17 02:55:05,580  INFO [main] BigSmall:86 - clicked on sign button
2021-11-17 02:55:05,975  INFO [main] BigSmall:92 -  entered
2021-11-17 02:55:06,174  INFO [main] BigSmall:95 -  entered
2021-11-17 02:55:11,717  INFO [main] BigSmall:97 - clicked on summit button
2021-11-17 02:55:14,117  INFO [main] BigSmall:86 - clicked on sign button
2021-11-17 02:55:14,742  INFO [main] BigSmall:92 - defenceaspirants87@gmail.com entered
2021-11-17 02:55:14,952  INFO [main] BigSmall:95 - gguytuy entered
2021-11-17 02:55:15,119  INFO [main] BigSmall:97 - clicked on summit button
2021-11-17 02:55:17,243  INFO [main] BigSmall:86 - clicked on sign button
2021-11-17 02:55:17,887  INFO [main] BigSmall:92 - rathorb87@gmail.com entered
2021-11-17 02:55:18,127  INFO [main] BigSmall:95 - Bigsmall@123 entered
2021-11-17 02:55:18,308  INFO [main] BigSmall:97 - clicked on summit button
2021-11-17 02:55:26,268  INFO [main] BigSmall:117 - clicked on Persionaized Gift Menu
2021-11-17 02:55:48,984  INFO [main] BigSmall:129 - persionalized gift menu's item selected
2021-11-17 02:55:55,387  INFO [main] BigSmall:147 - product name has been sent to search box
2021-11-17 02:55:55,937  INFO [main] BigSmall:152 - list appeared of searched product
2021-11-17 02:56:01,228  INFO [main] BigSmall:200 - clicked on shop By catagory menu
2021-11-17 02:56:10,791  INFO [main] BigSmall:230 - clicked on shop By all of it menu
