2021-11-19 21:38:10,937  INFO [main] BigSmall:58 - Browser has been luanched
2021-11-19 21:38:58,451  INFO [main] BigSmall:63 - url hited
2021-11-19 21:39:30,866  INFO [main] BigSmall:85 - clicked on sign button
2021-11-19 21:39:33,056  INFO [main] BigSmall:91 -  entered
2021-11-19 21:39:33,408  INFO [main] BigSmall:94 -  entered
2021-11-19 21:40:05,642  INFO [main] BigSmall:96 - clicked on summit button
2021-11-19 21:40:22,655  INFO [main] BigSmall:85 - clicked on sign button
2021-11-19 21:40:23,788  INFO [main] BigSmall:91 - defenceaspirants87@gmail.com entered
2021-11-19 21:40:24,023  INFO [main] BigSmall:94 - gguytuy entered
2021-11-19 21:40:39,512  INFO [main] BigSmall:96 - clicked on summit button
2021-11-19 21:40:42,096  INFO [main] BigSmall:85 - clicked on sign button
2021-11-19 21:40:43,380  INFO [main] BigSmall:91 - vrushualate1008@gmail.com entered
2021-11-19 21:40:43,593  INFO [main] BigSmall:94 - Vrush@123 entered
2021-11-19 21:41:03,300  INFO [main] BigSmall:96 - clicked on summit button
2021-11-19 21:41:26,009  INFO [main] BigSmall:115 - clicked on Persionaized Gift Menu
2021-11-19 21:42:25,389  INFO [main] BigSmall:127 - persionalized gift menu's item selected
2021-11-19 21:42:42,930  INFO [main] BigSmall:145 - product name has been sent to search box
2021-11-19 21:42:43,496  INFO [main] BigSmall:149 - list appeared of searched product
2021-11-19 21:42:56,558  INFO [main] BigSmall:162 - clicked on christmas menu
2021-11-19 21:43:23,079  INFO [main] BigSmall:168 - christmas gift added in cart
